<?xml version="1.0" encoding="utf-8"?><testsuites name="pytest tests"><testsuite name="pytest" errors="0" failures="0" skipped="0" tests="11" time="8.461" timestamp="2026-05-08T21:02:17.572081+00:00" hostname="agent-env-8fe88177-7087-47f8-9620-e88b15ae1274"><testcase classname="backend.tests.test_dubbing_api.TestMeta" name="test_healthcheck" time="0.248" /><testcase classname="backend.tests.test_dubbing_api.TestMeta" name="test_voices_list" time="0.156" /><testcase classname="backend.tests.test_dubbing_api.TestUploadValidation" name="test_reject_unsupported_extension" time="0.149" /><testcase classname="backend.tests.test_dubbing_api.TestPipelineLifecycle" name="test_01_upload_valid_mp4" time="0.133" /><testcase classname="backend.tests.test_dubbing_api.TestPipelineLifecycle" name="test_02_job_progresses_to_done" time="6.603" /><testcase classname="backend.tests.test_dubbing_api.TestPipelineLifecycle" name="test_03_segments_populated" time="0.113" /><testcase classname="backend.tests.test_dubbing_api.TestPipelineLifecycle" name="test_04_jobs_list_contains" time="0.132" /><testcase classname="backend.tests.test_dubbing_api.TestPipelineLifecycle" name="test_05_download_returns_mp4" time="0.245" /><testcase classname="backend.tests.test_dubbing_api.TestPipelineLifecycle" name="test_06_delete_job" time="0.298" /><testcase classname="backend.tests.test_dubbing_api.TestNotFound" name="test_get_unknown_job_404" time="0.191" /><testcase classname="backend.tests.test_dubbing_api.TestNotFound" name="test_delete_unknown_job_404" time="0.113" /></testsuite></testsuites>